<?xml version="1.0" encoding="UTF-8"?>
<!-- Generated by org.testng.reporters.JUnitReportReporter -->
<testsuite hostname="DESKTOP-Q934L8H" failures="0" tests="1" name="testCases.TC_002_Controls" time="57.014" errors="0" timestamp="2022-03-01T13:12:33 BDT" skipped="0">
  <testcase classname="testCases.TC_002_Controls" name="TC_002_Controls" time="57.014"/>
  <system-out/>
</testsuite> <!-- testCases.TC_002_Controls -->
