<?xml version="1.0" encoding="UTF-8"?>
<!-- Generated by org.testng.reporters.JUnitReportReporter -->
<testsuite hostname="DESKTOP-Q934L8H" failures="0" tests="1" name="testCases.TC_001" time="26.835" errors="0" timestamp="2022-02-23T19:35:24 BDT" skipped="0">
  <testcase classname="testCases.TC_001" name="myFirstTest" time="26.835"/>
  <system-out/>
</testsuite> <!-- testCases.TC_001 -->
